+----------------------------------------------------------+
| QUEUE Fronta pozadavku cekajicich na zpracovani RTLS serverem (TDOA)            |
+----------------------------------------------------------+
|  Time interval = 0 - 6e+06                               |
|  Incoming  3563789                                       |
|  Outcoming  3563789                                      |
|  Current length = 0                                      |
|  Maximal length = 300                                    |
|  Average length = 17.6339                                |
|  Minimal time = 0.000364815                              |
|  Maximal time = 206.558                                  |
|  Average time = 29.6885                                  |
|  Standard deviation = 21.2775                            |
+----------------------------------------------------------+
+----------------------------------------------------------+
| QUEUE Fronta pozadavku cekajicich na zpracovani Sensmap serverem do DB            |
+----------------------------------------------------------+
|  Time interval = 0 - 6e+06                               |
|  Incoming  509112                                        |
|  Outcoming  509112                                       |
|  Current length = 0                                      |
|  Maximal length = 43                                     |
|  Average length = 2.79403                                |
|  Minimal time = 1.9                                      |
|  Maximal time = 409.366                                  |
|  Average time = 32.9282                                  |
|  Standard deviation = 30.8766                            |
+----------------------------------------------------------+
+----------------------------------------------------------+
| HISTOGRAM Prenos paketu od pohyboveho cidla do Sensmap   |
+----------------------------------------------------------+
| STATISTIC                                                |
+----------------------------------------------------------+
|  Min = 11.707                  Max = 223.434             |
|  Number of records = 509112                              |
|  Average value = 44.7784                                 |
|  Standard deviation = 21.6057                            |
+----------------------------------------------------------+
|    from    |     to     |     n    |   rel    |   sum    |
+------------+------------+----------+----------+----------+
|      0.000 |     20.000 |    28197 | 0.055385 | 0.055385 |
|     20.000 |     40.000 |   227925 | 0.447691 | 0.503076 |
|     40.000 |     60.000 |   150219 | 0.295061 | 0.798137 |
|     60.000 |     80.000 |    66146 | 0.129924 | 0.928061 |
|     80.000 |    100.000 |    24610 | 0.048339 | 0.976400 |
|    100.000 |    120.000 |     8229 | 0.016163 | 0.992564 |
|    120.000 |    140.000 |     2596 | 0.005099 | 0.997663 |
|    140.000 |    160.000 |      853 | 0.001675 | 0.999338 |
|    160.000 |    180.000 |      234 | 0.000460 | 0.999798 |
|    180.000 |    200.000 |       92 | 0.000181 | 0.999978 |
|    200.000 |    220.000 |        9 | 0.000018 | 0.999996 |
|    220.000 |    240.000 |        2 | 0.000004 | 1.000000 |
|    240.000 |    260.000 |        0 | 0.000000 | 1.000000 |
|    260.000 |    280.000 |        0 | 0.000000 | 1.000000 |
|    280.000 |    300.000 |        0 | 0.000000 | 1.000000 |
|    300.000 |    320.000 |        0 | 0.000000 | 1.000000 |
|    320.000 |    340.000 |        0 | 0.000000 | 1.000000 |
|    340.000 |    360.000 |        0 | 0.000000 | 1.000000 |
|    360.000 |    380.000 |        0 | 0.000000 | 1.000000 |
|    380.000 |    400.000 |        0 | 0.000000 | 1.000000 |
+------------+------------+----------+----------+----------+

+----------------------------------------------------------+
| HISTOGRAM Prenos paketu od pohyboveho cidla do DB        |
+----------------------------------------------------------+
| STATISTIC                                                |
+----------------------------------------------------------+
|  Min = 33.34                   Max = 2765.66             |
|  Number of records = 506400                              |
|  Average value = 1270.74                                 |
|  Standard deviation = 709.561                            |
+----------------------------------------------------------+
|    from    |     to     |     n    |   rel    |   sum    |
+------------+------------+----------+----------+----------+
|      0.000 |     10.000 |        0 | 0.000000 | 0.000000 |
|     10.000 |     20.000 |        0 | 0.000000 | 0.000000 |
|     20.000 |     30.000 |        0 | 0.000000 | 0.000000 |
|     30.000 |     40.000 |      906 | 0.001789 | 0.001789 |
|     40.000 |     50.000 |     2647 | 0.005227 | 0.007016 |
|     50.000 |     60.000 |     5068 | 0.010008 | 0.017024 |
|     60.000 |     70.000 |     7037 | 0.013896 | 0.030920 |
|     70.000 |     80.000 |     6915 | 0.013655 | 0.044575 |
|     80.000 |     90.000 |     6404 | 0.012646 | 0.057222 |
|     90.000 |    100.000 |     5413 | 0.010689 | 0.067911 |
|    100.000 |    110.000 |     4418 | 0.008724 | 0.076635 |
|    110.000 |    120.000 |     3248 | 0.006414 | 0.083049 |
|    120.000 |    130.000 |     2894 | 0.005715 | 0.088764 |
|    130.000 |    140.000 |     1849 | 0.003651 | 0.092415 |
|    140.000 |    150.000 |     1694 | 0.003345 | 0.095760 |
|    150.000 |    160.000 |     1235 | 0.002439 | 0.098199 |
|    160.000 |    170.000 |      669 | 0.001321 | 0.099520 |
|    170.000 |    180.000 |      404 | 0.000798 | 0.100318 |
|    180.000 |    190.000 |      336 | 0.000664 | 0.100981 |
|    190.000 |    200.000 |      431 | 0.000851 | 0.101833 |
+------------+------------+----------+----------+----------+

+----------------------------------------------------------+
| HISTOGRAM Prenos dat od pohyboveho cidla k uzivateli     |
+----------------------------------------------------------+
| STATISTIC                                                |
+----------------------------------------------------------+
|  Min = 419.96                  Max = 917.751             |
|  Number of records = 509093                              |
|  Average value = 527.811                                 |
|  Standard deviation = 40.7567                            |
+----------------------------------------------------------+
|    from    |     to     |     n    |   rel    |   sum    |
+------------+------------+----------+----------+----------+
|     10.000 |     40.000 |        0 | 0.000000 | 0.000000 |
|     40.000 |     70.000 |        0 | 0.000000 | 0.000000 |
|     70.000 |    100.000 |        0 | 0.000000 | 0.000000 |
|    100.000 |    130.000 |        0 | 0.000000 | 0.000000 |
|    130.000 |    160.000 |        0 | 0.000000 | 0.000000 |
|    160.000 |    190.000 |        0 | 0.000000 | 0.000000 |
|    190.000 |    220.000 |        0 | 0.000000 | 0.000000 |
|    220.000 |    250.000 |        0 | 0.000000 | 0.000000 |
|    250.000 |    280.000 |        0 | 0.000000 | 0.000000 |
|    280.000 |    310.000 |        0 | 0.000000 | 0.000000 |
|    310.000 |    340.000 |        0 | 0.000000 | 0.000000 |
|    340.000 |    370.000 |        0 | 0.000000 | 0.000000 |
|    370.000 |    400.000 |        0 | 0.000000 | 0.000000 |
|    400.000 |    430.000 |       15 | 0.000029 | 0.000029 |
|    430.000 |    460.000 |     5305 | 0.010420 | 0.010450 |
|    460.000 |    490.000 |    75648 | 0.148594 | 0.159044 |
|    490.000 |    520.000 |   166603 | 0.327255 | 0.486298 |
|    520.000 |    550.000 |   136404 | 0.267935 | 0.754234 |
|    550.000 |    580.000 |    72083 | 0.141591 | 0.895825 |
|    580.000 |    610.000 |    32303 | 0.063452 | 0.959277 |
|    610.000 |    640.000 |    12652 | 0.024852 | 0.984129 |
|    640.000 |    670.000 |     5041 | 0.009902 | 0.994031 |
|    670.000 |    700.000 |     1989 | 0.003907 | 0.997938 |
|    700.000 |    730.000 |      687 | 0.001349 | 0.999287 |
|    730.000 |    760.000 |      216 | 0.000424 | 0.999711 |
|    760.000 |    790.000 |       60 | 0.000118 | 0.999829 |
|    790.000 |    820.000 |       35 | 0.000069 | 0.999898 |
|    820.000 |    850.000 |        9 | 0.000018 | 0.999916 |
|    850.000 |    880.000 |       28 | 0.000055 | 0.999971 |
|    880.000 |    910.000 |       14 | 0.000027 | 0.999998 |
+------------+------------+----------+----------+----------+

+----------------------------------------------------------+
| FACILITY Procesor                                        |
+----------------------------------------------------------+
|  Status = not BUSY                                       |
|  Time interval = 0 - 6e+06                               |
|  Number of requests = 1140587                            |
|  Average utilization = 0.255443                          |
+----------------------------------------------------------+

Celkovy pocet dat ulozenych v databazi: 129.131989MB.
Celkovy pocet iteraci procesoru 599239.
Maximalni cekaci doba dat cekajici na ulozeni do databaze 44.860667s.
